<?xml version="1.0" encoding="UTF-8"?>
<!-- Generated by org.testng.reporters.JUnitReportReporter -->
<testsuite hostname="DESKTOP-B3ICOIK" failures="0" tests="1" name="com.acti_time.script.VerifyValidLoginPage" time="0.786" errors="0" timestamp="2023-06-26T17:50:22 IST" skipped="0">
  <testcase classname="com.acti_time.script.VerifyValidLoginPage" name="verifyValidLoginPage" time="0.786"/>
</testsuite> <!-- com.acti_time.script.VerifyValidLoginPage -->
